<?xml version="1.0" encoding="UTF-8"?>
<testsuite name="ProvarPract/tests" tests="1" failures="0" skipped="0" hostname="ibm-samarthshekhar" time="123.82" timestamp="Thu Mar 03 17:00:37 IST 2022">
	<properties>
		<property name="excludeCallableTestCases" value="true"/>
		<property name="testEnvironment" value=""/>
		<property name="pluginOutputLevel" value="WARNING"/>
		<property name="projectPath" value=".."/>
		<property name="salesforceMetadataCache" value="Reuse"/>
		<property name="resultsPathDisposition" value="Increment"/>
		<property name="testOutputLevel" value="INFO"/>
		<property name="webBrowserType" value="Chrome"/>
		<property name="resultsPath" value="../ANT/Results"/>
		<property name="webBrowserConfiguration" value="Full Screen"/>
		<property name="projectCachePath" value="C:\Users\samarth.shekhar\Provar\Workspace2\ProvarPract\ANT\..\..\.provarCaches"/>
	</properties>
	<testcase classname="tests/ConsoleTesting\ConsoleTesting.testcase" name="ConsoleTesting.testcase" time="119.995">
	</testcase>
</testsuite>
